<?xml version="1.0" encoding="UTF-8"?>
<!-- Generated by org.testng.reporters.JUnitXMLReporter -->
<testsuite hostname="bondinthepond.local" ignored="0" name="RedMartCartTests" tests="2" failures="2" timestamp="23 Feb 2017 19:16:08 GMT" time="94.905" errors="0">
  <testcase name="TestCartPageForAdditions" time="0.03" classname="TestScripts.FlowWiseTests.TestAddItemsToCart">
    <failure type="java.lang.AssertionError" message="expected [3] but found [2]">
      <![CDATA[java.lang.AssertionError: expected [3] but found [2]
	at TestScripts.FlowWiseTests.TestAddItemsToCart.TestCartPageForAdditions(TestAddItemsToCart.java:135)
	at Main.main(Main.java:21)
	at com.intellij.rt.execution.application.AppMain.main(AppMain.java:144)
... Removed 32 stack frames]]>
    </failure>
  </testcase> <!-- TestCartPageForAdditions -->
  <testcase name="TestDeleteItemFromCart" time="8.316" classname="TestScripts.FlowWiseTests.TestAddItemsToCart">
    <failure type="java.lang.AssertionError" message="expected [2] but found [1]">
      <![CDATA[java.lang.AssertionError: expected [2] but found [1]
	at TestScripts.FlowWiseTests.TestAddItemsToCart.TestDeleteItemFromCart(TestAddItemsToCart.java:164)
	at Main.main(Main.java:21)
	at com.intellij.rt.execution.application.AppMain.main(AppMain.java:144)
... Removed 32 stack frames]]>
    </failure>
  </testcase> <!-- TestDeleteItemFromCart -->
</testsuite> <!-- RedMartCartTests -->
