<?xml version="1.0" encoding="UTF-8"?>
<!-- Generated by org.testng.reporters.JUnitXMLReporter -->
<testsuite hostname="bondinthepond.local" ignored="2" name="RedMartSignUpTests" tests="7" failures="2" timestamp="23 Feb 2017 19:14:33 GMT" time="45.148" errors="0">
  <testcase name="signUpPageElementExistence" time="4.02" classname="TestScripts.PageWiseTests.SignUpPageTests.TestSignUp"/>
  <testcase name="testEmailAddressField" time="4.143" classname="TestScripts.PageWiseTests.SignUpPageTests.TestSignUp">
    <failure type="org.openqa.selenium.ElementNotVisibleException" message="element not visible
  (Session info: chrome=56.0.2924.87)
  (Driver info: chromedriver=2.27.440174 (e97a722caafc2d3a8b807ee115bfb307f7d2cfd9),platform=Mac OS X 10.12.0 x86_64) (WARNING: The server did not provide any stacktrace information)
Command duration or timeout: 36 milliseconds
Build info: version: &amp;apos;3.0.1&amp;apos;, revision: &amp;apos;1969d75&amp;apos;, time: &amp;apos;2016-10-18 09:49:13 -0700&amp;apos;
System info: host: &amp;apos;bondinthepond.local&amp;apos;, ip: &amp;apos;192.168.1.4&amp;apos;, os.name: &amp;apos;Mac OS X&amp;apos;, os.arch: &amp;apos;x86_64&amp;apos;, os.version: &amp;apos;10.12&amp;apos;, java.version: &amp;apos;1.8.0_65&amp;apos;
Driver info: org.openqa.selenium.chrome.ChromeDriver
Capabilities [{applicationCacheEnabled=false, rotatable=false, mobileEmulationEnabled=false, networkConnectionEnabled=false, chrome={chromedriverVersion=2.27.440174 (e97a722caafc2d3a8b807ee115bfb307f7d2cfd9), userDataDir=/var/folders/t1/_nd5jbs15617kjb662csxjk185_nmp/T/.org.chromium.Chromium.pm6k1H}, takesHeapSnapshot=true, pageLoadStrategy=normal, databaseEnabled=false, handlesAlerts=true, hasTouchScreen=false, version=56.0.2924.87, platform=MAC, browserConnectionEnabled=false, nativeEvents=true, acceptSslCerts=true, locationContextEnabled=true, webStorageEnabled=true, browserName=chrome, takesScreenshot=true, javascriptEnabled=true, cssSelectorsEnabled=true, unexpectedAlertBehaviour=}]
Session ID: 7ff5a636135b8b310892eaff98796f7c">
      <![CDATA[org.openqa.selenium.ElementNotVisibleException: element not visible
  (Session info: chrome=56.0.2924.87)
  (Driver info: chromedriver=2.27.440174 (e97a722caafc2d3a8b807ee115bfb307f7d2cfd9),platform=Mac OS X 10.12.0 x86_64) (WARNING: The server did not provide any stacktrace information)
Command duration or timeout: 36 milliseconds
Build info: version: '3.0.1', revision: '1969d75', time: '2016-10-18 09:49:13 -0700'
System info: host: 'bondinthepond.local', ip: '192.168.1.4', os.name: 'Mac OS X', os.arch: 'x86_64', os.version: '10.12', java.version: '1.8.0_65'
Driver info: org.openqa.selenium.chrome.ChromeDriver
Capabilities [{applicationCacheEnabled=false, rotatable=false, mobileEmulationEnabled=false, networkConnectionEnabled=false, chrome={chromedriverVersion=2.27.440174 (e97a722caafc2d3a8b807ee115bfb307f7d2cfd9), userDataDir=/var/folders/t1/_nd5jbs15617kjb662csxjk185_nmp/T/.org.chromium.Chromium.pm6k1H}, takesHeapSnapshot=true, pageLoadStrategy=normal, databaseEnabled=false, handlesAlerts=true, hasTouchScreen=false, version=56.0.2924.87, platform=MAC, browserConnectionEnabled=false, nativeEvents=true, acceptSslCerts=true, locationContextEnabled=true, webStorageEnabled=true, browserName=chrome, takesScreenshot=true, javascriptEnabled=true, cssSelectorsEnabled=true, unexpectedAlertBehaviour=}]
Session ID: 7ff5a636135b8b310892eaff98796f7c
	at org.openqa.selenium.remote.ErrorHandler.createThrowable(ErrorHandler.java:216)
	at org.openqa.selenium.remote.ErrorHandler.throwIfResponseFailed(ErrorHandler.java:168)
	at org.openqa.selenium.remote.RemoteWebDriver.execute(RemoteWebDriver.java:635)
	at org.openqa.selenium.remote.RemoteWebElement.execute(RemoteWebElement.java:274)
	at org.openqa.selenium.remote.RemoteWebElement.sendKeys(RemoteWebElement.java:98)
	at org.openqa.selenium.support.pagefactory.internal.LocatingElementHandler.invoke(LocatingElementHandler.java:51)
	at com.sun.proxy.$Proxy10.sendKeys(Unknown Source)
	at PageLibrary.SignUpPage.enterEmailAddress(SignUpPage.java:36)
	at TestScripts.PageWiseTests.SignUpPageTests.TestSignUp.testEmailAddressField(TestSignUp.java:52)
	at Main.main(Main.java:21)
	at com.intellij.rt.execution.application.AppMain.main(AppMain.java:144)
... Removed 34 stack frames]]>
    </failure>
  </testcase> <!-- testEmailAddressField -->
  <testcase name="testEmailAddressField" time="4.187" classname="TestScripts.PageWiseTests.SignUpPageTests.TestSignUp"/>
  <testcase name="testEmailAddressField" time="4.094" classname="TestScripts.PageWiseTests.SignUpPageTests.TestSignUp"/>
  <testcase name="testEmailAddressField" time="4.125" classname="TestScripts.PageWiseTests.SignUpPageTests.TestSignUp"/>
  <testcase name="testEmailAddressField" time="4.136" classname="TestScripts.PageWiseTests.SignUpPageTests.TestSignUp">
    <failure type="java.lang.AssertionError" message="expected [true] but found [false]">
      <![CDATA[java.lang.AssertionError: expected [true] but found [false]
	at TestScripts.PageWiseTests.SignUpPageTests.TestSignUp.testEmailAddressField(TestSignUp.java:54)
	at Main.main(Main.java:21)
	at com.intellij.rt.execution.application.AppMain.main(AppMain.java:144)
... Removed 30 stack frames]]>
    </failure>
  </testcase> <!-- testEmailAddressField -->
  <testcase name="testPasswordFieldsForMismatches" time="4.47" classname="TestScripts.PageWiseTests.SignUpPageTests.TestSignUp"/>
  <testcase name="testPrivacyAgreementCheckBoxIsCompulsory" time="0.0" classname="TestScripts.PageWiseTests.SignUpPageTests.TestSignUp">
    <ignored/>
  </testcase> <!-- testPrivacyAgreementCheckBoxIsCompulsory -->
  <testcase name="testPasswordFieldForConstraints" time="0.0" classname="TestScripts.PageWiseTests.SignUpPageTests.TestSignUp">
    <ignored/>
  </testcase> <!-- testPasswordFieldForConstraints -->
</testsuite> <!-- RedMartSignUpTests -->
