<html>
<head>
<title>TestNG:  RedMartSignUpTests</title>
<link href="../testng.css" rel="stylesheet" type="text/css" />
<link href="../my-testng.css" rel="stylesheet" type="text/css" />

<style type="text/css">
.log { display: none;} 
.stack-trace { display: none;} 
</style>
<script type="text/javascript">
<!--
function flip(e) {
  current = e.style.display;
  if (current == 'block') {
    e.style.display = 'none';
    return 0;
  }
  else {
    e.style.display = 'block';
    return 1;
  }
}

function toggleBox(szDivId, elem, msg1, msg2)
{
  var res = -1;  if (document.getElementById) {
    res = flip(document.getElementById(szDivId));
  }
  else if (document.all) {
    // this is the way old msie versions work
    res = flip(document.all[szDivId]);
  }
  if(elem) {
    if(res == 0) elem.innerHTML = msg1; else elem.innerHTML = msg2;
  }

}

function toggleAllBoxes() {
  if (document.getElementsByTagName) {
    d = document.getElementsByTagName('div');
    for (i = 0; i < d.length; i++) {
      if (d[i].className == 'log') {
        flip(d[i]);
      }
    }
  }
}

// -->
</script>

</head>
<body>
<h2 align='center'>RedMartSignUpTests</h2><table border='1' align="center">
<tr>
<td>Tests passed/Failed/Skipped:</td><td>5/2/0</td>
</tr><tr>
<td>Started on:</td><td>Fri Feb 24 00:43:47 IST 2017</td>
</tr>
<tr><td>Total time:</td><td>45 seconds (45148 ms)</td>
</tr><tr>
<td>Included groups:</td><td></td>
</tr><tr>
<td>Excluded groups:</td><td></td>
</tr>
</table><p/>
<small><i>(Hover the method name to see the test class name)</i></small><p/>
<table width='100%' border='1' class='invocation-failed'>
<tr><td colspan='4' align='center'><b>FAILED TESTS</b></td></tr>
<tr><td><b>Test method</b></td>
<td width="30%"><b>Exception</b></td>
<td width="10%"><b>Time (seconds)</b></td>
<td><b>Instance</b></td>
</tr>
<tr>
<td title='TestScripts.PageWiseTests.SignUpPageTests.TestSignUp.testEmailAddressField()'><b>testEmailAddressField</b><br>Test class: TestScripts.PageWiseTests.SignUpPageTests.TestSignUp<br>Parameters: tester, false<br/>
<a href="#Output-1281025083" onClick='toggleBox("Output-1281025083", this, "Show output", "Hide output");'>Show output</a>

<a href="#Output-1281025083" onClick="toggleAllBoxes();">Show all outputs</a>
<div class='log' id="Output-1281025083">
waiting for page to load .....<br/>
</div>
</td>
<td><div><pre>org.openqa.selenium.ElementNotVisibleException: element not visible
  (Session info: chrome=56.0.2924.87)
  (Driver info: chromedriver=2.27.440174 (e97a722caafc2d3a8b807ee115bfb307f7d2cfd9),platform=Mac OS X 10.12.0 x86_64) (WARNING: The server did not provide any stacktrace information)
Command duration or timeout: 36 milliseconds
Build info: version: &apos;3.0.1&apos;, revision: &apos;1969d75&apos;, time: &apos;2016-10-18 09:49:13 -0700&apos;
System info: host: &apos;bondinthepond.local&apos;, ip: &apos;192.168.1.4&apos;, os.name: &apos;Mac OS X&apos;, os.arch: &apos;x86_64&apos;, os.version: &apos;10.12&apos;, java.version: &apos;1.8.0_65&apos;
Driver info: org.openqa.selenium.chrome.ChromeDriver
Capabilities [{applicationCacheEnabled=false, rotatable=false, mobileEmulationEnabled=false, networkConnectionEnabled=false, chrome={chromedriverVersion=2.27.440174 (e97a722caafc2d3a8b807ee115bfb307f7d2cfd9), userDataDir=/var/folders/t1/_nd5jbs15617kjb662csxjk185_nmp/T/.org.chromium.Chromium.pm6k1H}, takesHeapSnapshot=true, pageLoadStrategy=normal, databaseEnabled=false, handlesAlerts=true, hasTouchScreen=false, version=56.0.2924.87, platform=MAC, browserConnectionEnabled=false, nativeEvents=true, acceptSslCerts=true, locationContextEnabled=true, webStorageEnabled=true, browserName=chrome, takesScreenshot=true, javascriptEnabled=true, cssSelectorsEnabled=true, unexpectedAlertBehaviour=}]
Session ID: 7ff5a636135b8b310892eaff98796f7c
	at org.openqa.selenium.remote.ErrorHandler.createThrowable(ErrorHandler.java:216)
	at org.openqa.selenium.remote.ErrorHandler.throwIfResponseFailed(ErrorHandler.java:168)
	at org.openqa.selenium.remote.RemoteWebDriver.execute(RemoteWebDriver.java:635)
	at org.openqa.selenium.remote.RemoteWebElement.execute(RemoteWebElement.java:274)
	at org.openqa.selenium.remote.RemoteWebElement.sendKeys(RemoteWebElement.java:98)
	at org.openqa.selenium.support.pagefactory.internal.LocatingElementHandler.invoke(LocatingElementHandler.java:51)
	at com.sun.proxy.$Proxy10.sendKeys(Unknown Source)
	at PageLibrary.SignUpPage.enterEmailAddress(SignUpPage.java:36)
	at TestScripts.PageWiseTests.SignUpPageTests.TestSignUp.testEmailAddressField(TestSignUp.java:52)
	at Main.main(Main.java:21)
	at com.intellij.rt.execution.application.AppMain.main(AppMain.java:144)
... Removed 34 stack frames</pre></div><a href='#' onClick='toggleBox("stack-trace1281025083", this, "Click to show all stack frames", "Click to hide stack frames")'>Click to show all stack frames</a>
<div class='stack-trace' id='stack-trace1281025083'><pre>org.openqa.selenium.ElementNotVisibleException: element not visible
  (Session info: chrome=56.0.2924.87)
  (Driver info: chromedriver=2.27.440174 (e97a722caafc2d3a8b807ee115bfb307f7d2cfd9),platform=Mac OS X 10.12.0 x86_64) (WARNING: The server did not provide any stacktrace information)
Command duration or timeout: 36 milliseconds
Build info: version: &apos;3.0.1&apos;, revision: &apos;1969d75&apos;, time: &apos;2016-10-18 09:49:13 -0700&apos;
System info: host: &apos;bondinthepond.local&apos;, ip: &apos;192.168.1.4&apos;, os.name: &apos;Mac OS X&apos;, os.arch: &apos;x86_64&apos;, os.version: &apos;10.12&apos;, java.version: &apos;1.8.0_65&apos;
Driver info: org.openqa.selenium.chrome.ChromeDriver
Capabilities [{applicationCacheEnabled=false, rotatable=false, mobileEmulationEnabled=false, networkConnectionEnabled=false, chrome={chromedriverVersion=2.27.440174 (e97a722caafc2d3a8b807ee115bfb307f7d2cfd9), userDataDir=/var/folders/t1/_nd5jbs15617kjb662csxjk185_nmp/T/.org.chromium.Chromium.pm6k1H}, takesHeapSnapshot=true, pageLoadStrategy=normal, databaseEnabled=false, handlesAlerts=true, hasTouchScreen=false, version=56.0.2924.87, platform=MAC, browserConnectionEnabled=false, nativeEvents=true, acceptSslCerts=true, locationContextEnabled=true, webStorageEnabled=true, browserName=chrome, takesScreenshot=true, javascriptEnabled=true, cssSelectorsEnabled=true, unexpectedAlertBehaviour=}]
Session ID: 7ff5a636135b8b310892eaff98796f7c
	at sun.reflect.NativeConstructorAccessorImpl.newInstance0(Native Method)
	at sun.reflect.NativeConstructorAccessorImpl.newInstance(NativeConstructorAccessorImpl.java:62)
	at sun.reflect.DelegatingConstructorAccessorImpl.newInstance(DelegatingConstructorAccessorImpl.java:45)
	at java.lang.reflect.Constructor.newInstance(Constructor.java:422)
	at org.openqa.selenium.remote.ErrorHandler.createThrowable(ErrorHandler.java:216)
	at org.openqa.selenium.remote.ErrorHandler.throwIfResponseFailed(ErrorHandler.java:168)
	at org.openqa.selenium.remote.RemoteWebDriver.execute(RemoteWebDriver.java:635)
	at org.openqa.selenium.remote.RemoteWebElement.execute(RemoteWebElement.java:274)
	at org.openqa.selenium.remote.RemoteWebElement.sendKeys(RemoteWebElement.java:98)
	at sun.reflect.NativeMethodAccessorImpl.invoke0(Native Method)
	at sun.reflect.NativeMethodAccessorImpl.invoke(NativeMethodAccessorImpl.java:62)
	at sun.reflect.DelegatingMethodAccessorImpl.invoke(DelegatingMethodAccessorImpl.java:43)
	at java.lang.reflect.Method.invoke(Method.java:497)
	at org.openqa.selenium.support.pagefactory.internal.LocatingElementHandler.invoke(LocatingElementHandler.java:51)
	at com.sun.proxy.$Proxy10.sendKeys(Unknown Source)
	at PageLibrary.SignUpPage.enterEmailAddress(SignUpPage.java:36)
	at TestScripts.PageWiseTests.SignUpPageTests.TestSignUp.testEmailAddressField(TestSignUp.java:52)
	at sun.reflect.NativeMethodAccessorImpl.invoke0(Native Method)
	at sun.reflect.NativeMethodAccessorImpl.invoke(NativeMethodAccessorImpl.java:62)
	at sun.reflect.DelegatingMethodAccessorImpl.invoke(DelegatingMethodAccessorImpl.java:43)
	at java.lang.reflect.Method.invoke(Method.java:497)
	at org.testng.internal.MethodInvocationHelper.invokeMethod(MethodInvocationHelper.java:104)
	at org.testng.internal.Invoker.invokeMethod(Invoker.java:645)
	at org.testng.internal.Invoker.invokeTestMethod(Invoker.java:851)
	at org.testng.internal.Invoker.invokeTestMethods(Invoker.java:1177)
	at org.testng.internal.TestMethodWorker.invokeTestMethods(TestMethodWorker.java:129)
	at org.testng.internal.TestMethodWorker.run(TestMethodWorker.java:112)
	at org.testng.TestRunner.privateRun(TestRunner.java:756)
	at org.testng.TestRunner.run(TestRunner.java:610)
	at org.testng.SuiteRunner.runTest(SuiteRunner.java:387)
	at org.testng.SuiteRunner.runSequentially(SuiteRunner.java:382)
	at org.testng.SuiteRunner.privateRun(SuiteRunner.java:340)
	at org.testng.SuiteRunner.run(SuiteRunner.java:289)
	at org.testng.SuiteRunnerWorker.runSuite(SuiteRunnerWorker.java:52)
	at org.testng.SuiteRunnerWorker.run(SuiteRunnerWorker.java:86)
	at org.testng.TestNG.runSuitesSequentially(TestNG.java:1293)
	at org.testng.TestNG.runSuitesLocally(TestNG.java:1218)
	at org.testng.TestNG.runSuites(TestNG.java:1133)
	at org.testng.TestNG.run(TestNG.java:1104)
	at Main.main(Main.java:21)
	at sun.reflect.NativeMethodAccessorImpl.invoke0(Native Method)
	at sun.reflect.NativeMethodAccessorImpl.invoke(NativeMethodAccessorImpl.java:62)
	at sun.reflect.DelegatingMethodAccessorImpl.invoke(DelegatingMethodAccessorImpl.java:43)
	at java.lang.reflect.Method.invoke(Method.java:497)
	at com.intellij.rt.execution.application.AppMain.main(AppMain.java:144)
</pre></div></td>
<td>4</td>
<td>TestScripts.PageWiseTests.SignUpPageTests.TestSignUp@4b6995df</td></tr>
<tr>
<td title='TestScripts.PageWiseTests.SignUpPageTests.TestSignUp.testEmailAddressField()'><b>testEmailAddressField</b><br>Test class: TestScripts.PageWiseTests.SignUpPageTests.TestSignUp<br>Parameters: bondinthepond@gmail.com, true<br/>
<a href="#Output-736920911" onClick='toggleBox("Output-736920911", this, "Show output", "Hide output");'>Show output</a>

<a href="#Output-736920911" onClick="toggleAllBoxes();">Show all outputs</a>
<div class='log' id="Output-736920911">
waiting for page to load .....<br/>
</div>
</td>
<td><div><pre>java.lang.AssertionError: expected [true] but found [false]
	at TestScripts.PageWiseTests.SignUpPageTests.TestSignUp.testEmailAddressField(TestSignUp.java:54)
	at Main.main(Main.java:21)
	at com.intellij.rt.execution.application.AppMain.main(AppMain.java:144)
... Removed 30 stack frames</pre></div><a href='#' onClick='toggleBox("stack-trace736920911", this, "Click to show all stack frames", "Click to hide stack frames")'>Click to show all stack frames</a>
<div class='stack-trace' id='stack-trace736920911'><pre>java.lang.AssertionError: expected [true] but found [false]
	at org.testng.Assert.fail(Assert.java:94)
	at org.testng.Assert.failNotEquals(Assert.java:513)
	at org.testng.Assert.assertTrue(Assert.java:42)
	at org.testng.Assert.assertTrue(Assert.java:52)
	at TestScripts.PageWiseTests.SignUpPageTests.TestSignUp.testEmailAddressField(TestSignUp.java:54)
	at sun.reflect.NativeMethodAccessorImpl.invoke0(Native Method)
	at sun.reflect.NativeMethodAccessorImpl.invoke(NativeMethodAccessorImpl.java:62)
	at sun.reflect.DelegatingMethodAccessorImpl.invoke(DelegatingMethodAccessorImpl.java:43)
	at java.lang.reflect.Method.invoke(Method.java:497)
	at org.testng.internal.MethodInvocationHelper.invokeMethod(MethodInvocationHelper.java:104)
	at org.testng.internal.Invoker.invokeMethod(Invoker.java:645)
	at org.testng.internal.Invoker.invokeTestMethod(Invoker.java:851)
	at org.testng.internal.Invoker.invokeTestMethods(Invoker.java:1177)
	at org.testng.internal.TestMethodWorker.invokeTestMethods(TestMethodWorker.java:129)
	at org.testng.internal.TestMethodWorker.run(TestMethodWorker.java:112)
	at org.testng.TestRunner.privateRun(TestRunner.java:756)
	at org.testng.TestRunner.run(TestRunner.java:610)
	at org.testng.SuiteRunner.runTest(SuiteRunner.java:387)
	at org.testng.SuiteRunner.runSequentially(SuiteRunner.java:382)
	at org.testng.SuiteRunner.privateRun(SuiteRunner.java:340)
	at org.testng.SuiteRunner.run(SuiteRunner.java:289)
	at org.testng.SuiteRunnerWorker.runSuite(SuiteRunnerWorker.java:52)
	at org.testng.SuiteRunnerWorker.run(SuiteRunnerWorker.java:86)
	at org.testng.TestNG.runSuitesSequentially(TestNG.java:1293)
	at org.testng.TestNG.runSuitesLocally(TestNG.java:1218)
	at org.testng.TestNG.runSuites(TestNG.java:1133)
	at org.testng.TestNG.run(TestNG.java:1104)
	at Main.main(Main.java:21)
	at sun.reflect.NativeMethodAccessorImpl.invoke0(Native Method)
	at sun.reflect.NativeMethodAccessorImpl.invoke(NativeMethodAccessorImpl.java:62)
	at sun.reflect.DelegatingMethodAccessorImpl.invoke(DelegatingMethodAccessorImpl.java:43)
	at java.lang.reflect.Method.invoke(Method.java:497)
	at com.intellij.rt.execution.application.AppMain.main(AppMain.java:144)
</pre></div></td>
<td>4</td>
<td>TestScripts.PageWiseTests.SignUpPageTests.TestSignUp@4b6995df</td></tr>
</table><p>
<table width='100%' border='1' class='invocation-passed'>
<tr><td colspan='4' align='center'><b>PASSED TESTS</b></td></tr>
<tr><td><b>Test method</b></td>
<td width="30%"><b>Exception</b></td>
<td width="10%"><b>Time (seconds)</b></td>
<td><b>Instance</b></td>
</tr>
<tr>
<td title='TestScripts.PageWiseTests.SignUpPageTests.TestSignUp.signUpPageElementExistence()'><b>signUpPageElementExistence</b><br>Test class: TestScripts.PageWiseTests.SignUpPageTests.TestSignUp<br/>
<a href="#Output-400103862" onClick='toggleBox("Output-400103862", this, "Show output", "Hide output");'>Show output</a>

<a href="#Output-400103862" onClick="toggleAllBoxes();">Show all outputs</a>
<div class='log' id="Output-400103862">
waiting for page to load .....<br/>
</div>
</td>
<td></td>
<td>4</td>
<td>TestScripts.PageWiseTests.SignUpPageTests.TestSignUp@4b6995df</td></tr>
<tr>
<td title='TestScripts.PageWiseTests.SignUpPageTests.TestSignUp.testEmailAddressField()'><b>testEmailAddressField</b><br>Test class: TestScripts.PageWiseTests.SignUpPageTests.TestSignUp<br>Parameters: bondinthepond@, false<br/>
<a href="#Output-1192923170" onClick='toggleBox("Output-1192923170", this, "Show output", "Hide output");'>Show output</a>

<a href="#Output-1192923170" onClick="toggleAllBoxes();">Show all outputs</a>
<div class='log' id="Output-1192923170">
waiting for page to load .....<br/>
</div>
</td>
<td></td>
<td>4</td>
<td>TestScripts.PageWiseTests.SignUpPageTests.TestSignUp@4b6995df</td></tr>
<tr>
<td title='TestScripts.PageWiseTests.SignUpPageTests.TestSignUp.testEmailAddressField()'><b>testEmailAddressField</b><br>Test class: TestScripts.PageWiseTests.SignUpPageTests.TestSignUp<br>Parameters:  , false<br/>
<a href="#Output-1962329560" onClick='toggleBox("Output-1962329560", this, "Show output", "Hide output");'>Show output</a>

<a href="#Output-1962329560" onClick="toggleAllBoxes();">Show all outputs</a>
<div class='log' id="Output-1962329560">
waiting for page to load .....<br/>
</div>
</td>
<td></td>
<td>4</td>
<td>TestScripts.PageWiseTests.SignUpPageTests.TestSignUp@4b6995df</td></tr>
<tr>
<td title='TestScripts.PageWiseTests.SignUpPageTests.TestSignUp.testEmailAddressField()'><b>testEmailAddressField</b><br>Test class: TestScripts.PageWiseTests.SignUpPageTests.TestSignUp<br>Parameters: bondinthepond@gmail, false<br/>
<a href="#Output-351417028" onClick='toggleBox("Output-351417028", this, "Show output", "Hide output");'>Show output</a>

<a href="#Output-351417028" onClick="toggleAllBoxes();">Show all outputs</a>
<div class='log' id="Output-351417028">
waiting for page to load .....<br/>
</div>
</td>
<td></td>
<td>4</td>
<td>TestScripts.PageWiseTests.SignUpPageTests.TestSignUp@4b6995df</td></tr>
<tr>
<td title='TestScripts.PageWiseTests.SignUpPageTests.TestSignUp.testPasswordFieldsForMismatches()'><b>testPasswordFieldsForMismatches</b><br>Test class: TestScripts.PageWiseTests.SignUpPageTests.TestSignUp<br>Parameters: Test123!@#, Test456$%<br/>
<a href="#Output-412925308" onClick='toggleBox("Output-412925308", this, "Show output", "Hide output");'>Show output</a>

<a href="#Output-412925308" onClick="toggleAllBoxes();">Show all outputs</a>
<div class='log' id="Output-412925308">
waiting for page to load .....<br/>
</div>
</td>
<td></td>
<td>4</td>
<td>TestScripts.PageWiseTests.SignUpPageTests.TestSignUp@4b6995df</td></tr>
</table><p>
</body>
</html>