<?xml version="1.0" encoding="UTF-8"?>
<!-- Generated by org.testng.reporters.JUnitXMLReporter -->
<testsuite hostname="bondinthepond.local" ignored="1" name="RedMartTests" tests="12" failures="0" timestamp="23 Feb 2017 17:36:49 GMT" time="49.455" errors="0">
  <testcase name="@BeforeTest initiate" time="0.0" classname="TestScripts.FlowWiseTests.TestAddItemsToCart">
    <failure type="org.openqa.selenium.WebDriverException" message="this.browserForTab is undefined
Build info: version: &amp;apos;3.0.1&amp;apos;, revision: &amp;apos;1969d75&amp;apos;, time: &amp;apos;2016-10-18 09:49:13 -0700&amp;apos;
System info: host: &amp;apos;bondinthepond.local&amp;apos;, ip: &amp;apos;192.168.1.4&amp;apos;, os.name: &amp;apos;Mac OS X&amp;apos;, os.arch: &amp;apos;x86_64&amp;apos;, os.version: &amp;apos;10.12&amp;apos;, java.version: &amp;apos;1.8.0_65&amp;apos;
Driver info: org.openqa.selenium.firefox.FirefoxDriver
Capabilities [{rotatable=false, raisesAccessibilityExceptions=false, marionette=true, firefoxOptions={args=[], prefs={}}, appBuildId=20170125094131, version=, platform=MAC, proxy={}, command_id=1, specificationLevel=0, acceptSslCerts=false, processId=15361, browserVersion=51.0.1, platformVersion=16.0.0, XULappId={ec8030f7-c20a-464f-9b0e-13a3a9e97384}, browserName=firefox, takesScreenshot=true, takesElementScreenshot=true, platformName=darwin}]
Session ID: 1e14662b-e2b1-c644-ac8a-d5249a568ab1">
      <![CDATA[org.openqa.selenium.WebDriverException: this.browserForTab is undefined
Build info: version: '3.0.1', revision: '1969d75', time: '2016-10-18 09:49:13 -0700'
System info: host: 'bondinthepond.local', ip: '192.168.1.4', os.name: 'Mac OS X', os.arch: 'x86_64', os.version: '10.12', java.version: '1.8.0_65'
Driver info: org.openqa.selenium.firefox.FirefoxDriver
Capabilities [{rotatable=false, raisesAccessibilityExceptions=false, marionette=true, firefoxOptions={args=[], prefs={}}, appBuildId=20170125094131, version=, platform=MAC, proxy={}, command_id=1, specificationLevel=0, acceptSslCerts=false, processId=15361, browserVersion=51.0.1, platformVersion=16.0.0, XULappId={ec8030f7-c20a-464f-9b0e-13a3a9e97384}, browserName=firefox, takesScreenshot=true, takesElementScreenshot=true, platformName=darwin}]
Session ID: 1e14662b-e2b1-c644-ac8a-d5249a568ab1
	at org.openqa.selenium.remote.http.W3CHttpResponseCodec.createException(W3CHttpResponseCodec.java:127)
	at org.openqa.selenium.remote.http.W3CHttpResponseCodec.decode(W3CHttpResponseCodec.java:93)
	at org.openqa.selenium.remote.http.W3CHttpResponseCodec.decode(W3CHttpResponseCodec.java:42)
	at org.openqa.selenium.remote.HttpCommandExecutor.execute(HttpCommandExecutor.java:163)
	at org.openqa.selenium.remote.service.DriverCommandExecutor.execute(DriverCommandExecutor.java:82)
	at org.openqa.selenium.remote.RemoteWebDriver.execute(RemoteWebDriver.java:601)
	at org.openqa.selenium.remote.RemoteWebDriver$RemoteTargetLocator.defaultContent(RemoteWebDriver.java:967)
	at TestScripts.FlowWiseTests.TestAddItemsToCart.addToCartFromIndividualProductFrame(TestAddItemsToCart.java:114)
	at TestScripts.FlowWiseTests.TestAddItemsToCart.addItemFromOnSalePage(TestAddItemsToCart.java:76)
	at TestScripts.FlowWiseTests.TestAddItemsToCart.addItemsToCart(TestAddItemsToCart.java:55)
	at TestScripts.FlowWiseTests.TestAddItemsToCart.login(TestAddItemsToCart.java:45)
	at TestScripts.FlowWiseTests.TestAddItemsToCart.getToLoginPage(TestAddItemsToCart.java:35)
	at TestScripts.FlowWiseTests.TestAddItemsToCart.initiate(TestAddItemsToCart.java:26)
	at Main.main(Main.java:21)
	at com.intellij.rt.execution.application.AppMain.main(AppMain.java:144)
... Removed 28 stack frames]]>
    </failure>
  </testcase> <!-- @BeforeTest initiate -->
  <testcase name="@BeforeClass initiate" time="0.0" classname="TestScripts.PageWiseTests.SignUpPageTests.TestSignUp">
    <skipped/>
  </testcase> <!-- @BeforeClass initiate -->
  <testcase name="@AfterTest endTest" time="0.0" classname="TestScripts.FlowWiseTests.TestAddItemsToCart">
    <skipped/>
  </testcase> <!-- @AfterTest endTest -->
  <testcase name="@AfterTest endTest" time="0.0" classname="TestScripts.PageWiseTests.SignUpPageTests.TestSignUp">
    <skipped/>
  </testcase> <!-- @AfterTest endTest -->
  <testcase name="signUpPageElementExistence" time="0.0" classname="TestScripts.PageWiseTests.SignUpPageTests.TestSignUp">
    <skipped/>
  </testcase> <!-- signUpPageElementExistence -->
  <testcase name="testEmailAddressField" time="0.0" classname="TestScripts.PageWiseTests.SignUpPageTests.TestSignUp">
    <skipped/>
  </testcase> <!-- testEmailAddressField -->
  <testcase name="testEmailAddressField" time="0.0" classname="TestScripts.PageWiseTests.SignUpPageTests.TestSignUp">
    <skipped/>
  </testcase> <!-- testEmailAddressField -->
  <testcase name="testEmailAddressField" time="0.0" classname="TestScripts.PageWiseTests.SignUpPageTests.TestSignUp">
    <skipped/>
  </testcase> <!-- testEmailAddressField -->
  <testcase name="testEmailAddressField" time="0.0" classname="TestScripts.PageWiseTests.SignUpPageTests.TestSignUp">
    <skipped/>
  </testcase> <!-- testEmailAddressField -->
  <testcase name="testEmailAddressField" time="0.001" classname="TestScripts.PageWiseTests.SignUpPageTests.TestSignUp">
    <skipped/>
  </testcase> <!-- testEmailAddressField -->
  <testcase name="testPasswordFieldForConstraints" time="0.0" classname="TestScripts.PageWiseTests.SignUpPageTests.TestSignUp">
    <skipped/>
  </testcase> <!-- testPasswordFieldForConstraints -->
  <testcase name="testPasswordFieldForConstraints" time="0.0" classname="TestScripts.PageWiseTests.SignUpPageTests.TestSignUp">
    <skipped/>
  </testcase> <!-- testPasswordFieldForConstraints -->
  <testcase name="testPasswordFieldForConstraints" time="0.0" classname="TestScripts.PageWiseTests.SignUpPageTests.TestSignUp">
    <skipped/>
  </testcase> <!-- testPasswordFieldForConstraints -->
  <testcase name="testPasswordFieldsForMismatches" time="0.0" classname="TestScripts.PageWiseTests.SignUpPageTests.TestSignUp">
    <skipped/>
  </testcase> <!-- testPasswordFieldsForMismatches -->
  <testcase name="TestCartPageForAdditions" time="0.0" classname="TestScripts.FlowWiseTests.TestAddItemsToCart">
    <skipped/>
  </testcase> <!-- TestCartPageForAdditions -->
  <testcase name="TestDeleteItemFromCart" time="0.0" classname="TestScripts.FlowWiseTests.TestAddItemsToCart">
    <skipped/>
  </testcase> <!-- TestDeleteItemFromCart -->
  <testcase name="testPrivacyAgreementCheckBoxIsCompulsory" time="0.0" classname="TestScripts.PageWiseTests.SignUpPageTests.TestSignUp">
    <ignored/>
  </testcase> <!-- testPrivacyAgreementCheckBoxIsCompulsory -->
</testsuite> <!-- RedMartTests -->
