<!DOCTYPE html PUBLIC "-//W3C//DTD XHTML 1.1//EN" "http://www.w3.org/TR/xhtml11/DTD/xhtml11.dtd">
<html xmlns="http://www.w3.org/1999/xhtml"><head><title>TestNG Report</title><style type="text/css">table {margin-bottom:10px;border-collapse:collapse;empty-cells:show}th,td {border:1px solid #009;padding:.25em .5em}th {vertical-align:bottom}td {vertical-align:top}table a {font-weight:bold}.stripe td {background-color: #E6EBF9}.num {text-align:right}.passedodd td {background-color: #3F3}.passedeven td {background-color: #0A0}.skippedodd td {background-color: #DDD}.skippedeven td {background-color: #CCC}.failedodd td,.attn {background-color: #F33}.failedeven td,.stripe .attn {background-color: #D00}.stacktrace {white-space:pre;font-family:monospace}.totop {font-size:85%;text-align:center;border-bottom:2px solid #000}</style></head><body><table><tr><th>Test</th><th># Passed</th><th># Skipped</th><th># Failed</th><th>Time (ms)</th><th>Included Groups</th><th>Excluded Groups</th></tr><tr><th colspan="7">RedmartAssignment</th></tr><tr><td><a href="#t0">RedMartSignUpTests</a></td><td class="num">5</td><td class="num">0</td><td class="num attn">2</td><td class="num">45,148</td><td></td><td></td></tr><tr class="stripe"><td><a href="#t1">RedMartCartTests</a></td><td class="num">0</td><td class="num">0</td><td class="num attn">2</td><td class="num">94,905</td><td></td><td></td></tr><tr><th>Total</th><th class="num">5</th><th class="num">0</th><th class="num attn">4</th><th class="num">140,053</th><th colspan="2"></th></tr></table><table><thead><tr><th>Class</th><th>Method</th><th>Start</th><th>Time (ms)</th></tr></thead><tbody><tr><th colspan="4">RedmartAssignment</th></tr></tbody><tbody id="t0"><tr><th colspan="4">RedMartSignUpTests &#8212; failed</th></tr><tr class="failedeven"><td rowspan="2">TestScripts.PageWiseTests.SignUpPageTests.TestSignUp</td><td><a href="#m0">testEmailAddressField</a></td><td rowspan="2">1487877247636</td><td rowspan="2">4143</td></tr><tr class="failedeven"><td><a href="#m1">testEmailAddressField</a></td></tr><tr><th colspan="4">RedMartSignUpTests &#8212; passed</th></tr><tr class="passedeven"><td rowspan="5">TestScripts.PageWiseTests.SignUpPageTests.TestSignUp</td><td><a href="#m2">signUpPageElementExistence</a></td><td rowspan="1">1487877243610</td><td rowspan="1">4020</td></tr><tr class="passedeven"><td><a href="#m3">testEmailAddressField</a></td><td rowspan="3">1487877260061</td><td rowspan="3">4125</td></tr><tr class="passedeven"><td><a href="#m4">testEmailAddressField</a></td></tr><tr class="passedeven"><td><a href="#m5">testEmailAddressField</a></td></tr><tr class="passedeven"><td><a href="#m6">testPasswordFieldsForMismatches</a></td><td rowspan="1">1487877268323</td><td rowspan="1">4470</td></tr></tbody><tbody id="t1"><tr><th colspan="4">RedMartCartTests &#8212; failed</th></tr><tr class="failedeven"><td rowspan="2">TestScripts.FlowWiseTests.TestAddItemsToCart</td><td><a href="#m7">TestCartPageForAdditions</a></td><td rowspan="1">1487877359694</td><td rowspan="1">30</td></tr><tr class="failedeven"><td><a href="#m8">TestDeleteItemFromCart</a></td><td rowspan="1">1487877359724</td><td rowspan="1">8316</td></tr></tbody></table><h2>RedMartSignUpTests</h2><h3 id="m0">TestScripts.PageWiseTests.SignUpPageTests.TestSignUp#testEmailAddressField</h3><table class="result"><tr class="param"><th>Parameter #1</th><th>Parameter #2</th></tr><tr class="param stripe"><td>tester</td><td>false</td></tr><tr><th colspan="2">Messages</th></tr><tr><td colspan="2"><div class="messages">waiting for page to load .....</div></td></tr><tr><th colspan="2">Exception</th></tr><tr><td colspan="2"><div class="stacktrace">org.openqa.selenium.ElementNotVisibleException: element not visible
  (Session info: chrome=56.0.2924.87)
  (Driver info: chromedriver=2.27.440174 (e97a722caafc2d3a8b807ee115bfb307f7d2cfd9),platform=Mac OS X 10.12.0 x86_64) (WARNING: The server did not provide any stacktrace information)
Command duration or timeout: 36 milliseconds
Build info: version: &apos;3.0.1&apos;, revision: &apos;1969d75&apos;, time: &apos;2016-10-18 09:49:13 -0700&apos;
System info: host: &apos;bondinthepond.local&apos;, ip: &apos;192.168.1.4&apos;, os.name: &apos;Mac OS X&apos;, os.arch: &apos;x86_64&apos;, os.version: &apos;10.12&apos;, java.version: &apos;1.8.0_65&apos;
Driver info: org.openqa.selenium.chrome.ChromeDriver
Capabilities [{applicationCacheEnabled=false, rotatable=false, mobileEmulationEnabled=false, networkConnectionEnabled=false, chrome={chromedriverVersion=2.27.440174 (e97a722caafc2d3a8b807ee115bfb307f7d2cfd9), userDataDir=/var/folders/t1/_nd5jbs15617kjb662csxjk185_nmp/T/.org.chromium.Chromium.pm6k1H}, takesHeapSnapshot=true, pageLoadStrategy=normal, databaseEnabled=false, handlesAlerts=true, hasTouchScreen=false, version=56.0.2924.87, platform=MAC, browserConnectionEnabled=false, nativeEvents=true, acceptSslCerts=true, locationContextEnabled=true, webStorageEnabled=true, browserName=chrome, takesScreenshot=true, javascriptEnabled=true, cssSelectorsEnabled=true, unexpectedAlertBehaviour=}]
Session ID: 7ff5a636135b8b310892eaff98796f7c
	at org.openqa.selenium.remote.ErrorHandler.createThrowable(ErrorHandler.java:216)
	at org.openqa.selenium.remote.ErrorHandler.throwIfResponseFailed(ErrorHandler.java:168)
	at org.openqa.selenium.remote.RemoteWebDriver.execute(RemoteWebDriver.java:635)
	at org.openqa.selenium.remote.RemoteWebElement.execute(RemoteWebElement.java:274)
	at org.openqa.selenium.remote.RemoteWebElement.sendKeys(RemoteWebElement.java:98)
	at org.openqa.selenium.support.pagefactory.internal.LocatingElementHandler.invoke(LocatingElementHandler.java:51)
	at com.sun.proxy.$Proxy10.sendKeys(Unknown Source)
	at PageLibrary.SignUpPage.enterEmailAddress(SignUpPage.java:36)
	at TestScripts.PageWiseTests.SignUpPageTests.TestSignUp.testEmailAddressField(TestSignUp.java:52)
	at Main.main(Main.java:21)
	at com.intellij.rt.execution.application.AppMain.main(AppMain.java:144)
... Removed 34 stack frames</div></td></tr></table><p class="totop"><a href="#summary">back to summary</a></p><h3 id="m1">TestScripts.PageWiseTests.SignUpPageTests.TestSignUp#testEmailAddressField</h3><table class="result"><tr class="param"><th>Parameter #1</th><th>Parameter #2</th></tr><tr class="param stripe"><td>bondinthepond@gmail.com</td><td>true</td></tr><tr><th colspan="2">Messages</th></tr><tr><td colspan="2"><div class="messages">waiting for page to load .....</div></td></tr><tr><th colspan="2">Exception</th></tr><tr><td colspan="2"><div class="stacktrace">java.lang.AssertionError: expected [true] but found [false]
	at TestScripts.PageWiseTests.SignUpPageTests.TestSignUp.testEmailAddressField(TestSignUp.java:54)
	at Main.main(Main.java:21)
	at com.intellij.rt.execution.application.AppMain.main(AppMain.java:144)
... Removed 30 stack frames</div></td></tr></table><p class="totop"><a href="#summary">back to summary</a></p><h3 id="m2">TestScripts.PageWiseTests.SignUpPageTests.TestSignUp#signUpPageElementExistence</h3><table class="result"><tr><th>Messages</th></tr><tr><td><div class="messages">waiting for page to load .....</div></td></tr></table><p class="totop"><a href="#summary">back to summary</a></p><h3 id="m3">TestScripts.PageWiseTests.SignUpPageTests.TestSignUp#testEmailAddressField</h3><table class="result"><tr class="param"><th>Parameter #1</th><th>Parameter #2</th></tr><tr class="param stripe"><td>bondinthepond@gmail</td><td>false</td></tr><tr><th colspan="2">Messages</th></tr><tr><td colspan="2"><div class="messages">waiting for page to load .....</div></td></tr></table><p class="totop"><a href="#summary">back to summary</a></p><h3 id="m4">TestScripts.PageWiseTests.SignUpPageTests.TestSignUp#testEmailAddressField</h3><table class="result"><tr class="param"><th>Parameter #1</th><th>Parameter #2</th></tr><tr class="param stripe"><td>bondinthepond@</td><td>false</td></tr><tr><th colspan="2">Messages</th></tr><tr><td colspan="2"><div class="messages">waiting for page to load .....</div></td></tr></table><p class="totop"><a href="#summary">back to summary</a></p><h3 id="m5">TestScripts.PageWiseTests.SignUpPageTests.TestSignUp#testEmailAddressField</h3><table class="result"><tr class="param"><th>Parameter #1</th><th>Parameter #2</th></tr><tr class="param stripe"><td> </td><td>false</td></tr><tr><th colspan="2">Messages</th></tr><tr><td colspan="2"><div class="messages">waiting for page to load .....</div></td></tr></table><p class="totop"><a href="#summary">back to summary</a></p><h3 id="m6">TestScripts.PageWiseTests.SignUpPageTests.TestSignUp#testPasswordFieldsForMismatches</h3><table class="result"><tr class="param"><th>Parameter #1</th><th>Parameter #2</th></tr><tr class="param stripe"><td>Test123!@#</td><td>Test456$%</td></tr><tr><th colspan="2">Messages</th></tr><tr><td colspan="2"><div class="messages">waiting for page to load .....</div></td></tr></table><p class="totop"><a href="#summary">back to summary</a></p><h2>RedMartCartTests</h2><h3 id="m7">TestScripts.FlowWiseTests.TestAddItemsToCart#TestCartPageForAdditions</h3><table class="result"><tr><th>Exception</th></tr><tr><td><div class="stacktrace">java.lang.AssertionError: expected [3] but found [2]
	at TestScripts.FlowWiseTests.TestAddItemsToCart.TestCartPageForAdditions(TestAddItemsToCart.java:135)
	at Main.main(Main.java:21)
	at com.intellij.rt.execution.application.AppMain.main(AppMain.java:144)
... Removed 32 stack frames</div></td></tr></table><p class="totop"><a href="#summary">back to summary</a></p><h3 id="m8">TestScripts.FlowWiseTests.TestAddItemsToCart#TestDeleteItemFromCart</h3><table class="result"><tr><th>Messages</th></tr><tr><td><div class="messages">Element is stale..</div></td></tr><tr><th>Exception</th></tr><tr><td><div class="stacktrace">java.lang.AssertionError: expected [2] but found [1]
	at TestScripts.FlowWiseTests.TestAddItemsToCart.TestDeleteItemFromCart(TestAddItemsToCart.java:164)
	at Main.main(Main.java:21)
	at com.intellij.rt.execution.application.AppMain.main(AppMain.java:144)
... Removed 32 stack frames</div></td></tr></table><p class="totop"><a href="#summary">back to summary</a></p></body></html>