<?xml version="1.0" encoding="UTF-8"?>
<testng-results skipped="0" failed="4" ignored="2" total="11" passed="5">
  <reporter-output>
    <line>
      <![CDATA[waiting for page to load .....]]>
    </line>
    <line>
      <![CDATA[waiting for page to load .....]]>
    </line>
    <line>
      <![CDATA[waiting for page to load .....]]>
    </line>
    <line>
      <![CDATA[waiting for page to load .....]]>
    </line>
    <line>
      <![CDATA[waiting for page to load .....]]>
    </line>
    <line>
      <![CDATA[waiting for page to load .....]]>
    </line>
    <line>
      <![CDATA[waiting for page to load .....]]>
    </line>
    <line>
      <![CDATA[waiting forto appear]]>
    </line>
    <line>
      <![CDATA[waiting for-
1
+to appear]]>
    </line>
    <line>
      <![CDATA[waiting forto appear]]>
    </line>
    <line>
      <![CDATA[waiting for-
1
+to appear]]>
    </line>
    <line>
      <![CDATA[waiting forADD TO CARTto appear]]>
    </line>
    <line>
      <![CDATA[Element is stale..]]>
    </line>
  </reporter-output>
  <suite name="RedmartAssignment" duration-ms="140384" started-at="2017-02-23T19:13:47Z" finished-at="2017-02-23T19:16:08Z">
    <groups>
      <group name="testSingUp">
        <method signature="TestSignUp.signUpPageElementExistence()[pri:0, instance:TestScripts.PageWiseTests.SignUpPageTests.TestSignUp@4b6995df]" name="signUpPageElementExistence" class="TestScripts.PageWiseTests.SignUpPageTests.TestSignUp"/>
        <method signature="TestSignUp.testEmailAddressField(java.lang.String, java.lang.Boolean)[pri:0, instance:TestScripts.PageWiseTests.SignUpPageTests.TestSignUp@4b6995df]" name="testEmailAddressField" class="TestScripts.PageWiseTests.SignUpPageTests.TestSignUp"/>
        <method signature="TestSignUp.testPasswordFieldsForMismatches(java.lang.String, java.lang.String)[pri:0, instance:TestScripts.PageWiseTests.SignUpPageTests.TestSignUp@4b6995df]" name="testPasswordFieldsForMismatches" class="TestScripts.PageWiseTests.SignUpPageTests.TestSignUp"/>
      </group> <!-- testSingUp -->
      <group name="testCart">
        <method signature="TestAddItemsToCart.TestCartPageForAdditions()[pri:0, instance:TestScripts.FlowWiseTests.TestAddItemsToCart@649d209a]" name="TestCartPageForAdditions" class="TestScripts.FlowWiseTests.TestAddItemsToCart"/>
        <method signature="TestAddItemsToCart.TestDeleteItemFromCart()[pri:0, instance:TestScripts.FlowWiseTests.TestAddItemsToCart@649d209a]" name="TestDeleteItemFromCart" class="TestScripts.FlowWiseTests.TestAddItemsToCart"/>
      </group> <!-- testCart -->
    </groups>
    <test name="RedMartSignUpTests" duration-ms="45148" started-at="2017-02-23T19:13:47Z" finished-at="2017-02-23T19:14:32Z">
      <class name="TestScripts.PageWiseTests.SignUpPageTests.TestSignUp">
        <test-method status="PASS" signature="initiate()[pri:0, instance:TestScripts.PageWiseTests.SignUpPageTests.TestSignUp@4b6995df]" name="initiate" is-config="true" duration-ms="15775" started-at="2017-02-24T00:43:47Z" finished-at="2017-02-24T00:44:03Z">
          <reporter-output>
          </reporter-output>
        </test-method> <!-- initiate -->
        <test-method status="PASS" signature="signUpPageElementExistence()[pri:0, instance:TestScripts.PageWiseTests.SignUpPageTests.TestSignUp@4b6995df]" name="signUpPageElementExistence" duration-ms="4020" started-at="2017-02-24T00:44:03Z" finished-at="2017-02-24T00:44:07Z">
          <reporter-output>
            <line>
              <![CDATA[waiting for page to load .....]]>
            </line>
          </reporter-output>
        </test-method> <!-- signUpPageElementExistence -->
        <test-method status="FAIL" signature="testEmailAddressField(java.lang.String, java.lang.Boolean)[pri:0, instance:TestScripts.PageWiseTests.SignUpPageTests.TestSignUp@4b6995df]" name="testEmailAddressField" duration-ms="4143" started-at="2017-02-24T00:44:07Z" data-provider="email_addresses" finished-at="2017-02-24T00:44:11Z">
          <params>
            <param index="0">
              <value>
                <![CDATA[tester]]>
              </value>
            </param>
            <param index="1">
              <value>
                <![CDATA[false]]>
              </value>
            </param>
          </params>
          <exception class="org.openqa.selenium.ElementNotVisibleException">
            <message>
              <![CDATA[element not visible
  (Session info: chrome=56.0.2924.87)
  (Driver info: chromedriver=2.27.440174 (e97a722caafc2d3a8b807ee115bfb307f7d2cfd9),platform=Mac OS X 10.12.0 x86_64) (WARNING: The server did not provide any stacktrace information)
Command duration or timeout: 36 milliseconds
Build info: version: '3.0.1', revision: '1969d75', time: '2016-10-18 09:49:13 -0700'
System info: host: 'bondinthepond.local', ip: '192.168.1.4', os.name: 'Mac OS X', os.arch: 'x86_64', os.version: '10.12', java.version: '1.8.0_65'
Driver info: org.openqa.selenium.chrome.ChromeDriver
Capabilities [{applicationCacheEnabled=false, rotatable=false, mobileEmulationEnabled=false, networkConnectionEnabled=false, chrome={chromedriverVersion=2.27.440174 (e97a722caafc2d3a8b807ee115bfb307f7d2cfd9), userDataDir=/var/folders/t1/_nd5jbs15617kjb662csxjk185_nmp/T/.org.chromium.Chromium.pm6k1H}, takesHeapSnapshot=true, pageLoadStrategy=normal, databaseEnabled=false, handlesAlerts=true, hasTouchScreen=false, version=56.0.2924.87, platform=MAC, browserConnectionEnabled=false, nativeEvents=true, acceptSslCerts=true, locationContextEnabled=true, webStorageEnabled=true, browserName=chrome, takesScreenshot=true, javascriptEnabled=true, cssSelectorsEnabled=true, unexpectedAlertBehaviour=}]
Session ID: 7ff5a636135b8b310892eaff98796f7c]]>
            </message>
            <full-stacktrace>
              <![CDATA[org.openqa.selenium.ElementNotVisibleException: element not visible
  (Session info: chrome=56.0.2924.87)
  (Driver info: chromedriver=2.27.440174 (e97a722caafc2d3a8b807ee115bfb307f7d2cfd9),platform=Mac OS X 10.12.0 x86_64) (WARNING: The server did not provide any stacktrace information)
Command duration or timeout: 36 milliseconds
Build info: version: '3.0.1', revision: '1969d75', time: '2016-10-18 09:49:13 -0700'
System info: host: 'bondinthepond.local', ip: '192.168.1.4', os.name: 'Mac OS X', os.arch: 'x86_64', os.version: '10.12', java.version: '1.8.0_65'
Driver info: org.openqa.selenium.chrome.ChromeDriver
Capabilities [{applicationCacheEnabled=false, rotatable=false, mobileEmulationEnabled=false, networkConnectionEnabled=false, chrome={chromedriverVersion=2.27.440174 (e97a722caafc2d3a8b807ee115bfb307f7d2cfd9), userDataDir=/var/folders/t1/_nd5jbs15617kjb662csxjk185_nmp/T/.org.chromium.Chromium.pm6k1H}, takesHeapSnapshot=true, pageLoadStrategy=normal, databaseEnabled=false, handlesAlerts=true, hasTouchScreen=false, version=56.0.2924.87, platform=MAC, browserConnectionEnabled=false, nativeEvents=true, acceptSslCerts=true, locationContextEnabled=true, webStorageEnabled=true, browserName=chrome, takesScreenshot=true, javascriptEnabled=true, cssSelectorsEnabled=true, unexpectedAlertBehaviour=}]
Session ID: 7ff5a636135b8b310892eaff98796f7c
	at sun.reflect.NativeConstructorAccessorImpl.newInstance0(Native Method)
	at sun.reflect.NativeConstructorAccessorImpl.newInstance(NativeConstructorAccessorImpl.java:62)
	at sun.reflect.DelegatingConstructorAccessorImpl.newInstance(DelegatingConstructorAccessorImpl.java:45)
	at java.lang.reflect.Constructor.newInstance(Constructor.java:422)
	at org.openqa.selenium.remote.ErrorHandler.createThrowable(ErrorHandler.java:216)
	at org.openqa.selenium.remote.ErrorHandler.throwIfResponseFailed(ErrorHandler.java:168)
	at org.openqa.selenium.remote.RemoteWebDriver.execute(RemoteWebDriver.java:635)
	at org.openqa.selenium.remote.RemoteWebElement.execute(RemoteWebElement.java:274)
	at org.openqa.selenium.remote.RemoteWebElement.sendKeys(RemoteWebElement.java:98)
	at sun.reflect.NativeMethodAccessorImpl.invoke0(Native Method)
	at sun.reflect.NativeMethodAccessorImpl.invoke(NativeMethodAccessorImpl.java:62)
	at sun.reflect.DelegatingMethodAccessorImpl.invoke(DelegatingMethodAccessorImpl.java:43)
	at java.lang.reflect.Method.invoke(Method.java:497)
	at org.openqa.selenium.support.pagefactory.internal.LocatingElementHandler.invoke(LocatingElementHandler.java:51)
	at com.sun.proxy.$Proxy10.sendKeys(Unknown Source)
	at PageLibrary.SignUpPage.enterEmailAddress(SignUpPage.java:36)
	at TestScripts.PageWiseTests.SignUpPageTests.TestSignUp.testEmailAddressField(TestSignUp.java:52)
	at sun.reflect.NativeMethodAccessorImpl.invoke0(Native Method)
	at sun.reflect.NativeMethodAccessorImpl.invoke(NativeMethodAccessorImpl.java:62)
	at sun.reflect.DelegatingMethodAccessorImpl.invoke(DelegatingMethodAccessorImpl.java:43)
	at java.lang.reflect.Method.invoke(Method.java:497)
	at org.testng.internal.MethodInvocationHelper.invokeMethod(MethodInvocationHelper.java:104)
	at org.testng.internal.Invoker.invokeMethod(Invoker.java:645)
	at org.testng.internal.Invoker.invokeTestMethod(Invoker.java:851)
	at org.testng.internal.Invoker.invokeTestMethods(Invoker.java:1177)
	at org.testng.internal.TestMethodWorker.invokeTestMethods(TestMethodWorker.java:129)
	at org.testng.internal.TestMethodWorker.run(TestMethodWorker.java:112)
	at org.testng.TestRunner.privateRun(TestRunner.java:756)
	at org.testng.TestRunner.run(TestRunner.java:610)
	at org.testng.SuiteRunner.runTest(SuiteRunner.java:387)
	at org.testng.SuiteRunner.runSequentially(SuiteRunner.java:382)
	at org.testng.SuiteRunner.privateRun(SuiteRunner.java:340)
	at org.testng.SuiteRunner.run(SuiteRunner.java:289)
	at org.testng.SuiteRunnerWorker.runSuite(SuiteRunnerWorker.java:52)
	at org.testng.SuiteRunnerWorker.run(SuiteRunnerWorker.java:86)
	at org.testng.TestNG.runSuitesSequentially(TestNG.java:1293)
	at org.testng.TestNG.runSuitesLocally(TestNG.java:1218)
	at org.testng.TestNG.runSuites(TestNG.java:1133)
	at org.testng.TestNG.run(TestNG.java:1104)
	at Main.main(Main.java:21)
	at sun.reflect.NativeMethodAccessorImpl.invoke0(Native Method)
	at sun.reflect.NativeMethodAccessorImpl.invoke(NativeMethodAccessorImpl.java:62)
	at sun.reflect.DelegatingMethodAccessorImpl.invoke(DelegatingMethodAccessorImpl.java:43)
	at java.lang.reflect.Method.invoke(Method.java:497)
	at com.intellij.rt.execution.application.AppMain.main(AppMain.java:144)
]]>
            </full-stacktrace>
          </exception> <!-- org.openqa.selenium.ElementNotVisibleException -->
          <reporter-output>
            <line>
              <![CDATA[waiting for page to load .....]]>
            </line>
          </reporter-output>
        </test-method> <!-- testEmailAddressField -->
        <test-method status="PASS" signature="testEmailAddressField(java.lang.String, java.lang.Boolean)[pri:0, instance:TestScripts.PageWiseTests.SignUpPageTests.TestSignUp@4b6995df]" name="testEmailAddressField" duration-ms="4187" started-at="2017-02-24T00:44:11Z" data-provider="email_addresses" finished-at="2017-02-24T00:44:15Z">
          <params>
            <param index="0">
              <value>
                <![CDATA[bondinthepond@]]>
              </value>
            </param>
            <param index="1">
              <value>
                <![CDATA[false]]>
              </value>
            </param>
          </params>
          <reporter-output>
            <line>
              <![CDATA[waiting for page to load .....]]>
            </line>
          </reporter-output>
        </test-method> <!-- testEmailAddressField -->
        <test-method status="PASS" signature="testEmailAddressField(java.lang.String, java.lang.Boolean)[pri:0, instance:TestScripts.PageWiseTests.SignUpPageTests.TestSignUp@4b6995df]" name="testEmailAddressField" duration-ms="4094" started-at="2017-02-24T00:44:15Z" data-provider="email_addresses" finished-at="2017-02-24T00:44:20Z">
          <params>
            <param index="0">
              <value>
                <![CDATA[ ]]>
              </value>
            </param>
            <param index="1">
              <value>
                <![CDATA[false]]>
              </value>
            </param>
          </params>
          <reporter-output>
            <line>
              <![CDATA[waiting for page to load .....]]>
            </line>
          </reporter-output>
        </test-method> <!-- testEmailAddressField -->
        <test-method status="PASS" signature="testEmailAddressField(java.lang.String, java.lang.Boolean)[pri:0, instance:TestScripts.PageWiseTests.SignUpPageTests.TestSignUp@4b6995df]" name="testEmailAddressField" duration-ms="4125" started-at="2017-02-24T00:44:20Z" data-provider="email_addresses" finished-at="2017-02-24T00:44:24Z">
          <params>
            <param index="0">
              <value>
                <![CDATA[bondinthepond@gmail]]>
              </value>
            </param>
            <param index="1">
              <value>
                <![CDATA[false]]>
              </value>
            </param>
          </params>
          <reporter-output>
            <line>
              <![CDATA[waiting for page to load .....]]>
            </line>
          </reporter-output>
        </test-method> <!-- testEmailAddressField -->
        <test-method status="FAIL" signature="testEmailAddressField(java.lang.String, java.lang.Boolean)[pri:0, instance:TestScripts.PageWiseTests.SignUpPageTests.TestSignUp@4b6995df]" name="testEmailAddressField" duration-ms="4136" started-at="2017-02-24T00:44:24Z" data-provider="email_addresses" finished-at="2017-02-24T00:44:28Z">
          <params>
            <param index="0">
              <value>
                <![CDATA[bondinthepond@gmail.com]]>
              </value>
            </param>
            <param index="1">
              <value>
                <![CDATA[true]]>
              </value>
            </param>
          </params>
          <exception class="java.lang.AssertionError">
            <message>
              <![CDATA[expected [true] but found [false]]]>
            </message>
            <full-stacktrace>
              <![CDATA[java.lang.AssertionError: expected [true] but found [false]
	at org.testng.Assert.fail(Assert.java:94)
	at org.testng.Assert.failNotEquals(Assert.java:513)
	at org.testng.Assert.assertTrue(Assert.java:42)
	at org.testng.Assert.assertTrue(Assert.java:52)
	at TestScripts.PageWiseTests.SignUpPageTests.TestSignUp.testEmailAddressField(TestSignUp.java:54)
	at sun.reflect.NativeMethodAccessorImpl.invoke0(Native Method)
	at sun.reflect.NativeMethodAccessorImpl.invoke(NativeMethodAccessorImpl.java:62)
	at sun.reflect.DelegatingMethodAccessorImpl.invoke(DelegatingMethodAccessorImpl.java:43)
	at java.lang.reflect.Method.invoke(Method.java:497)
	at org.testng.internal.MethodInvocationHelper.invokeMethod(MethodInvocationHelper.java:104)
	at org.testng.internal.Invoker.invokeMethod(Invoker.java:645)
	at org.testng.internal.Invoker.invokeTestMethod(Invoker.java:851)
	at org.testng.internal.Invoker.invokeTestMethods(Invoker.java:1177)
	at org.testng.internal.TestMethodWorker.invokeTestMethods(TestMethodWorker.java:129)
	at org.testng.internal.TestMethodWorker.run(TestMethodWorker.java:112)
	at org.testng.TestRunner.privateRun(TestRunner.java:756)
	at org.testng.TestRunner.run(TestRunner.java:610)
	at org.testng.SuiteRunner.runTest(SuiteRunner.java:387)
	at org.testng.SuiteRunner.runSequentially(SuiteRunner.java:382)
	at org.testng.SuiteRunner.privateRun(SuiteRunner.java:340)
	at org.testng.SuiteRunner.run(SuiteRunner.java:289)
	at org.testng.SuiteRunnerWorker.runSuite(SuiteRunnerWorker.java:52)
	at org.testng.SuiteRunnerWorker.run(SuiteRunnerWorker.java:86)
	at org.testng.TestNG.runSuitesSequentially(TestNG.java:1293)
	at org.testng.TestNG.runSuitesLocally(TestNG.java:1218)
	at org.testng.TestNG.runSuites(TestNG.java:1133)
	at org.testng.TestNG.run(TestNG.java:1104)
	at Main.main(Main.java:21)
	at sun.reflect.NativeMethodAccessorImpl.invoke0(Native Method)
	at sun.reflect.NativeMethodAccessorImpl.invoke(NativeMethodAccessorImpl.java:62)
	at sun.reflect.DelegatingMethodAccessorImpl.invoke(DelegatingMethodAccessorImpl.java:43)
	at java.lang.reflect.Method.invoke(Method.java:497)
	at com.intellij.rt.execution.application.AppMain.main(AppMain.java:144)
]]>
            </full-stacktrace>
          </exception> <!-- java.lang.AssertionError -->
          <reporter-output>
            <line>
              <![CDATA[waiting for page to load .....]]>
            </line>
          </reporter-output>
        </test-method> <!-- testEmailAddressField -->
        <test-method status="PASS" signature="testPasswordFieldsForMismatches(java.lang.String, java.lang.String)[pri:0, instance:TestScripts.PageWiseTests.SignUpPageTests.TestSignUp@4b6995df]" name="testPasswordFieldsForMismatches" duration-ms="4470" started-at="2017-02-24T00:44:28Z" data-provider="confirmPasswords" finished-at="2017-02-24T00:44:32Z">
          <params>
            <param index="0">
              <value>
                <![CDATA[Test123!@#]]>
              </value>
            </param>
            <param index="1">
              <value>
                <![CDATA[Test456$%]]>
              </value>
            </param>
          </params>
          <reporter-output>
            <line>
              <![CDATA[waiting for page to load .....]]>
            </line>
          </reporter-output>
        </test-method> <!-- testPasswordFieldsForMismatches -->
        <test-method status="PASS" signature="endTest()[pri:0, instance:TestScripts.PageWiseTests.SignUpPageTests.TestSignUp@4b6995df]" name="endTest" is-config="true" duration-ms="174" started-at="2017-02-24T00:44:32Z" finished-at="2017-02-24T00:44:32Z">
          <reporter-output>
          </reporter-output>
        </test-method> <!-- endTest -->
      </class> <!-- TestScripts.PageWiseTests.SignUpPageTests.TestSignUp -->
    </test> <!-- RedMartSignUpTests -->
    <test name="RedMartCartTests" duration-ms="94905" started-at="2017-02-23T19:14:33Z" finished-at="2017-02-23T19:16:08Z">
      <class name="TestScripts.FlowWiseTests.TestAddItemsToCart">
        <test-method status="PASS" signature="initiate()[pri:0, instance:TestScripts.FlowWiseTests.TestAddItemsToCart@649d209a]" name="initiate" is-config="true" duration-ms="86394" started-at="2017-02-24T00:44:33Z" finished-at="2017-02-24T00:45:59Z">
          <reporter-output>
            <line>
              <![CDATA[waiting forto appear]]>
            </line>
            <line>
              <![CDATA[waiting for-
1
+to appear]]>
            </line>
            <line>
              <![CDATA[waiting forto appear]]>
            </line>
            <line>
              <![CDATA[waiting for-
1
+to appear]]>
            </line>
            <line>
              <![CDATA[waiting forADD TO CARTto appear]]>
            </line>
          </reporter-output>
        </test-method> <!-- initiate -->
        <test-method status="FAIL" signature="TestCartPageForAdditions()[pri:0, instance:TestScripts.FlowWiseTests.TestAddItemsToCart@649d209a]" name="TestCartPageForAdditions" duration-ms="30" started-at="2017-02-24T00:45:59Z" finished-at="2017-02-24T00:45:59Z">
          <exception class="java.lang.AssertionError">
            <message>
              <![CDATA[expected [3] but found [2]]]>
            </message>
            <full-stacktrace>
              <![CDATA[java.lang.AssertionError: expected [3] but found [2]
	at org.testng.Assert.fail(Assert.java:94)
	at org.testng.Assert.failNotEquals(Assert.java:513)
	at org.testng.Assert.assertEqualsImpl(Assert.java:135)
	at org.testng.Assert.assertEquals(Assert.java:116)
	at org.testng.Assert.assertEquals(Assert.java:389)
	at org.testng.Assert.assertEquals(Assert.java:399)
	at TestScripts.FlowWiseTests.TestAddItemsToCart.TestCartPageForAdditions(TestAddItemsToCart.java:135)
	at sun.reflect.NativeMethodAccessorImpl.invoke0(Native Method)
	at sun.reflect.NativeMethodAccessorImpl.invoke(NativeMethodAccessorImpl.java:62)
	at sun.reflect.DelegatingMethodAccessorImpl.invoke(DelegatingMethodAccessorImpl.java:43)
	at java.lang.reflect.Method.invoke(Method.java:497)
	at org.testng.internal.MethodInvocationHelper.invokeMethod(MethodInvocationHelper.java:104)
	at org.testng.internal.Invoker.invokeMethod(Invoker.java:645)
	at org.testng.internal.Invoker.invokeTestMethod(Invoker.java:851)
	at org.testng.internal.Invoker.invokeTestMethods(Invoker.java:1177)
	at org.testng.internal.TestMethodWorker.invokeTestMethods(TestMethodWorker.java:129)
	at org.testng.internal.TestMethodWorker.run(TestMethodWorker.java:112)
	at org.testng.TestRunner.privateRun(TestRunner.java:756)
	at org.testng.TestRunner.run(TestRunner.java:610)
	at org.testng.SuiteRunner.runTest(SuiteRunner.java:387)
	at org.testng.SuiteRunner.runSequentially(SuiteRunner.java:382)
	at org.testng.SuiteRunner.privateRun(SuiteRunner.java:340)
	at org.testng.SuiteRunner.run(SuiteRunner.java:289)
	at org.testng.SuiteRunnerWorker.runSuite(SuiteRunnerWorker.java:52)
	at org.testng.SuiteRunnerWorker.run(SuiteRunnerWorker.java:86)
	at org.testng.TestNG.runSuitesSequentially(TestNG.java:1293)
	at org.testng.TestNG.runSuitesLocally(TestNG.java:1218)
	at org.testng.TestNG.runSuites(TestNG.java:1133)
	at org.testng.TestNG.run(TestNG.java:1104)
	at Main.main(Main.java:21)
	at sun.reflect.NativeMethodAccessorImpl.invoke0(Native Method)
	at sun.reflect.NativeMethodAccessorImpl.invoke(NativeMethodAccessorImpl.java:62)
	at sun.reflect.DelegatingMethodAccessorImpl.invoke(DelegatingMethodAccessorImpl.java:43)
	at java.lang.reflect.Method.invoke(Method.java:497)
	at com.intellij.rt.execution.application.AppMain.main(AppMain.java:144)
]]>
            </full-stacktrace>
          </exception> <!-- java.lang.AssertionError -->
          <reporter-output>
          </reporter-output>
        </test-method> <!-- TestCartPageForAdditions -->
        <test-method status="FAIL" signature="TestDeleteItemFromCart()[pri:0, instance:TestScripts.FlowWiseTests.TestAddItemsToCart@649d209a]" name="TestDeleteItemFromCart" duration-ms="8316" started-at="2017-02-24T00:45:59Z" finished-at="2017-02-24T00:46:08Z">
          <exception class="java.lang.AssertionError">
            <message>
              <![CDATA[expected [2] but found [1]]]>
            </message>
            <full-stacktrace>
              <![CDATA[java.lang.AssertionError: expected [2] but found [1]
	at org.testng.Assert.fail(Assert.java:94)
	at org.testng.Assert.failNotEquals(Assert.java:513)
	at org.testng.Assert.assertEqualsImpl(Assert.java:135)
	at org.testng.Assert.assertEquals(Assert.java:116)
	at org.testng.Assert.assertEquals(Assert.java:389)
	at org.testng.Assert.assertEquals(Assert.java:399)
	at TestScripts.FlowWiseTests.TestAddItemsToCart.TestDeleteItemFromCart(TestAddItemsToCart.java:164)
	at sun.reflect.NativeMethodAccessorImpl.invoke0(Native Method)
	at sun.reflect.NativeMethodAccessorImpl.invoke(NativeMethodAccessorImpl.java:62)
	at sun.reflect.DelegatingMethodAccessorImpl.invoke(DelegatingMethodAccessorImpl.java:43)
	at java.lang.reflect.Method.invoke(Method.java:497)
	at org.testng.internal.MethodInvocationHelper.invokeMethod(MethodInvocationHelper.java:104)
	at org.testng.internal.Invoker.invokeMethod(Invoker.java:645)
	at org.testng.internal.Invoker.invokeTestMethod(Invoker.java:851)
	at org.testng.internal.Invoker.invokeTestMethods(Invoker.java:1177)
	at org.testng.internal.TestMethodWorker.invokeTestMethods(TestMethodWorker.java:129)
	at org.testng.internal.TestMethodWorker.run(TestMethodWorker.java:112)
	at org.testng.TestRunner.privateRun(TestRunner.java:756)
	at org.testng.TestRunner.run(TestRunner.java:610)
	at org.testng.SuiteRunner.runTest(SuiteRunner.java:387)
	at org.testng.SuiteRunner.runSequentially(SuiteRunner.java:382)
	at org.testng.SuiteRunner.privateRun(SuiteRunner.java:340)
	at org.testng.SuiteRunner.run(SuiteRunner.java:289)
	at org.testng.SuiteRunnerWorker.runSuite(SuiteRunnerWorker.java:52)
	at org.testng.SuiteRunnerWorker.run(SuiteRunnerWorker.java:86)
	at org.testng.TestNG.runSuitesSequentially(TestNG.java:1293)
	at org.testng.TestNG.runSuitesLocally(TestNG.java:1218)
	at org.testng.TestNG.runSuites(TestNG.java:1133)
	at org.testng.TestNG.run(TestNG.java:1104)
	at Main.main(Main.java:21)
	at sun.reflect.NativeMethodAccessorImpl.invoke0(Native Method)
	at sun.reflect.NativeMethodAccessorImpl.invoke(NativeMethodAccessorImpl.java:62)
	at sun.reflect.DelegatingMethodAccessorImpl.invoke(DelegatingMethodAccessorImpl.java:43)
	at java.lang.reflect.Method.invoke(Method.java:497)
	at com.intellij.rt.execution.application.AppMain.main(AppMain.java:144)
]]>
            </full-stacktrace>
          </exception> <!-- java.lang.AssertionError -->
          <reporter-output>
            <line>
              <![CDATA[Element is stale..]]>
            </line>
          </reporter-output>
        </test-method> <!-- TestDeleteItemFromCart -->
        <test-method status="PASS" signature="endTest()[pri:0, instance:TestScripts.FlowWiseTests.TestAddItemsToCart@649d209a]" name="endTest" is-config="true" duration-ms="164" started-at="2017-02-24T00:46:08Z" finished-at="2017-02-24T00:46:08Z">
          <reporter-output>
          </reporter-output>
        </test-method> <!-- endTest -->
      </class> <!-- TestScripts.FlowWiseTests.TestAddItemsToCart -->
    </test> <!-- RedMartCartTests -->
  </suite> <!-- RedmartAssignment -->
</testng-results>
